
--- ERROR AT 2026-05-20T06:04:24.650Z ---
TypeError: fetch failed
    at node:internal/deps/undici/undici:14902:13
    at process.processTicksAndRejections (node:internal/process/task_queues:105:5)
    at async GET (webpack-internal:///(rsc)/./app/api/kleverapi/cart/route.ts:37:33)
    at async AppRouteRouteModule.do (/home/parth/Desktop/autoono/autoono-front/node_modules/next/dist/compiled/next-server/app-route.runtime.dev.js:5:38696)
    at async AppRouteRouteModule.handle (/home/parth/Desktop/autoono/autoono-front/node_modules/next/dist/compiled/next-server/app-route.runtime.dev.js:5:45978)
    at async responseGenerator (webpack-internal:///(rsc)/./node_modules/next/dist/build/webpack/loaders/next-app-loader/index.js?name=app%2Fapi%2Fkleverapi%2Fcart%2Froute&page=%2Fapi%2Fkleverapi%2Fcart%2Froute&appPaths=&pagePath=private-next-app-dir%2Fapi%2Fkleverapi%2Fcart%2Froute.ts&appDir=%2Fhome%2Fparth%2FDesktop%2Fautoono%2Fautoono-front%2Fapp&pageExtensions=tsx&pageExtensions=ts&pageExtensions=jsx&pageExtensions=js&rootDir=%2Fhome%2Fparth%2FDesktop%2Fautoono%2Fautoono-front&isDev=true&tsconfigPath=tsconfig.json&basePath=&assetPrefix=&nextConfigOutput=&preferredRegion=&middlewareConfig=e30%3D&isGlobalNotFoundEnabled=!:203:38)
    at async AppRouteRouteModule.handleResponse (/home/parth/Desktop/autoono/autoono-front/node_modules/next/dist/compiled/next-server/app-route.runtime.dev.js:1:195185)
    at async handleResponse (webpack-internal:///(rsc)/./node_modules/next/dist/build/webpack/loaders/next-app-loader/index.js?name=app%2Fapi%2Fkleverapi%2Fcart%2Froute&page=%2Fapi%2Fkleverapi%2Fcart%2Froute&appPaths=&pagePath=private-next-app-dir%2Fapi%2Fkleverapi%2Fcart%2Froute.ts&appDir=%2Fhome%2Fparth%2FDesktop%2Fautoono%2Fautoono-front%2Fapp&pageExtensions=tsx&pageExtensions=ts&pageExtensions=jsx&pageExtensions=js&rootDir=%2Fhome%2Fparth%2FDesktop%2Fautoono%2Fautoono-front&isDev=true&tsconfigPath=tsconfig.json&basePath=&assetPrefix=&nextConfigOutput=&preferredRegion=&middlewareConfig=e30%3D&isGlobalNotFoundEnabled=!:265:32)
    at async handler (webpack-internal:///(rsc)/./node_modules/next/dist/build/webpack/loaders/next-app-loader/index.js?name=app%2Fapi%2Fkleverapi%2Fcart%2Froute&page=%2Fapi%2Fkleverapi%2Fcart%2Froute&appPaths=&pagePath=private-next-app-dir%2Fapi%2Fkleverapi%2Fcart%2Froute.ts&appDir=%2Fhome%2Fparth%2FDesktop%2Fautoono%2Fautoono-front%2Fapp&pageExtensions=tsx&pageExtensions=ts&pageExtensions=jsx&pageExtensions=js&rootDir=%2Fhome%2Fparth%2FDesktop%2Fautoono%2Fautoono-front&isDev=true&tsconfigPath=tsconfig.json&basePath=&assetPrefix=&nextConfigOutput=&preferredRegion=&middlewareConfig=e30%3D&isGlobalNotFoundEnabled=!:317:13)
    at async DevServer.renderToResponseWithComponentsImpl (/home/parth/Desktop/autoono/autoono-front/node_modules/next/dist/server/base-server.js:1422:9)
    at async DevServer.renderPageComponent (/home/parth/Desktop/autoono/autoono-front/node_modules/next/dist/server/base-server.js:1474:24)
    at async DevServer.renderToResponseImpl (/home/parth/Desktop/autoono/autoono-front/node_modules/next/dist/server/base-server.js:1514:32)
    at async DevServer.pipeImpl (/home/parth/Desktop/autoono/autoono-front/node_modules/next/dist/server/base-server.js:1025:25)
    at async NextNodeServer.handleCatchallRenderRequest (/home/parth/Desktop/autoono/autoono-front/node_modules/next/dist/server/next-server.js:393:17)
    at async DevServer.handleRequestImpl (/home/parth/Desktop/autoono/autoono-front/node_modules/next/dist/server/base-server.js:916:17)
    at async /home/parth/Desktop/autoono/autoono-front/node_modules/next/dist/server/dev/next-dev-server.js:400:20
    at async Span.traceAsyncFn (/home/parth/Desktop/autoono/autoono-front/node_modules/next/dist/trace/trace.js:157:20)
    at async DevServer.handleRequest (/home/parth/Desktop/autoono/autoono-front/node_modules/next/dist/server/dev/next-dev-server.js:396:24)
    at async invokeRender (/home/parth/Desktop/autoono/autoono-front/node_modules/next/dist/server/lib/router-server.js:240:21)
    at async handleRequest (/home/parth/Desktop/autoono/autoono-front/node_modules/next/dist/server/lib/router-server.js:437:24)
    at async requestHandlerImpl (/home/parth/Desktop/autoono/autoono-front/node_modules/next/dist/server/lib/router-server.js:485:13)
    at async Server.requestListener (/home/parth/Desktop/autoono/autoono-front/node_modules/next/dist/server/lib/start-server.js:226:13)

--- ERROR AT 2026-05-20T06:04:44.789Z ---
TypeError: fetch failed
    at node:internal/deps/undici/undici:14902:13
    at process.processTicksAndRejections (node:internal/process/task_queues:105:5)
    at async GET (webpack-internal:///(rsc)/./app/api/kleverapi/cart/route.ts:37:33)
    at async AppRouteRouteModule.do (/home/parth/Desktop/autoono/autoono-front/node_modules/next/dist/compiled/next-server/app-route.runtime.dev.js:5:38696)
    at async AppRouteRouteModule.handle (/home/parth/Desktop/autoono/autoono-front/node_modules/next/dist/compiled/next-server/app-route.runtime.dev.js:5:45978)
    at async responseGenerator (webpack-internal:///(rsc)/./node_modules/next/dist/build/webpack/loaders/next-app-loader/index.js?name=app%2Fapi%2Fkleverapi%2Fcart%2Froute&page=%2Fapi%2Fkleverapi%2Fcart%2Froute&appPaths=&pagePath=private-next-app-dir%2Fapi%2Fkleverapi%2Fcart%2Froute.ts&appDir=%2Fhome%2Fparth%2FDesktop%2Fautoono%2Fautoono-front%2Fapp&pageExtensions=tsx&pageExtensions=ts&pageExtensions=jsx&pageExtensions=js&rootDir=%2Fhome%2Fparth%2FDesktop%2Fautoono%2Fautoono-front&isDev=true&tsconfigPath=tsconfig.json&basePath=&assetPrefix=&nextConfigOutput=&preferredRegion=&middlewareConfig=e30%3D&isGlobalNotFoundEnabled=!:203:38)
    at async AppRouteRouteModule.handleResponse (/home/parth/Desktop/autoono/autoono-front/node_modules/next/dist/compiled/next-server/app-route.runtime.dev.js:1:195185)
    at async handleResponse (webpack-internal:///(rsc)/./node_modules/next/dist/build/webpack/loaders/next-app-loader/index.js?name=app%2Fapi%2Fkleverapi%2Fcart%2Froute&page=%2Fapi%2Fkleverapi%2Fcart%2Froute&appPaths=&pagePath=private-next-app-dir%2Fapi%2Fkleverapi%2Fcart%2Froute.ts&appDir=%2Fhome%2Fparth%2FDesktop%2Fautoono%2Fautoono-front%2Fapp&pageExtensions=tsx&pageExtensions=ts&pageExtensions=jsx&pageExtensions=js&rootDir=%2Fhome%2Fparth%2FDesktop%2Fautoono%2Fautoono-front&isDev=true&tsconfigPath=tsconfig.json&basePath=&assetPrefix=&nextConfigOutput=&preferredRegion=&middlewareConfig=e30%3D&isGlobalNotFoundEnabled=!:265:32)
    at async handler (webpack-internal:///(rsc)/./node_modules/next/dist/build/webpack/loaders/next-app-loader/index.js?name=app%2Fapi%2Fkleverapi%2Fcart%2Froute&page=%2Fapi%2Fkleverapi%2Fcart%2Froute&appPaths=&pagePath=private-next-app-dir%2Fapi%2Fkleverapi%2Fcart%2Froute.ts&appDir=%2Fhome%2Fparth%2FDesktop%2Fautoono%2Fautoono-front%2Fapp&pageExtensions=tsx&pageExtensions=ts&pageExtensions=jsx&pageExtensions=js&rootDir=%2Fhome%2Fparth%2FDesktop%2Fautoono%2Fautoono-front&isDev=true&tsconfigPath=tsconfig.json&basePath=&assetPrefix=&nextConfigOutput=&preferredRegion=&middlewareConfig=e30%3D&isGlobalNotFoundEnabled=!:317:13)
    at async DevServer.renderToResponseWithComponentsImpl (/home/parth/Desktop/autoono/autoono-front/node_modules/next/dist/server/base-server.js:1422:9)
    at async DevServer.renderPageComponent (/home/parth/Desktop/autoono/autoono-front/node_modules/next/dist/server/base-server.js:1474:24)
    at async DevServer.renderToResponseImpl (/home/parth/Desktop/autoono/autoono-front/node_modules/next/dist/server/base-server.js:1514:32)
    at async DevServer.pipeImpl (/home/parth/Desktop/autoono/autoono-front/node_modules/next/dist/server/base-server.js:1025:25)
    at async NextNodeServer.handleCatchallRenderRequest (/home/parth/Desktop/autoono/autoono-front/node_modules/next/dist/server/next-server.js:393:17)
    at async DevServer.handleRequestImpl (/home/parth/Desktop/autoono/autoono-front/node_modules/next/dist/server/base-server.js:916:17)
    at async /home/parth/Desktop/autoono/autoono-front/node_modules/next/dist/server/dev/next-dev-server.js:400:20
    at async Span.traceAsyncFn (/home/parth/Desktop/autoono/autoono-front/node_modules/next/dist/trace/trace.js:157:20)
    at async DevServer.handleRequest (/home/parth/Desktop/autoono/autoono-front/node_modules/next/dist/server/dev/next-dev-server.js:396:24)
    at async invokeRender (/home/parth/Desktop/autoono/autoono-front/node_modules/next/dist/server/lib/router-server.js:240:21)
    at async handleRequest (/home/parth/Desktop/autoono/autoono-front/node_modules/next/dist/server/lib/router-server.js:437:24)
    at async requestHandlerImpl (/home/parth/Desktop/autoono/autoono-front/node_modules/next/dist/server/lib/router-server.js:485:13)
    at async Server.requestListener (/home/parth/Desktop/autoono/autoono-front/node_modules/next/dist/server/lib/start-server.js:226:13)
